<?xml version="1.0" encoding="UTF-8"?>
<coverage generated="1437691937">
  <project timestamp="1437691937">
    <package name="DataPool">
      <file name="/srv/www/vhosts/DataPool/src/DataPool.php">
        <class name="DataPool" namespace="DataPool" fullPackage="DataPool" category="DataPool" package="DataPool">
          <metrics methods="7" coveredmethods="5" conditionals="0" coveredconditionals="0" statements="46" coveredstatements="43" elements="53" coveredelements="48"/>
        </class>
        <line num="32" type="method" name="getFullDataPool" crap="2" count="1"/>
        <line num="33" type="stmt" count="1"/>
        <line num="34" type="stmt" count="1"/>
        <line num="36" type="stmt" count="1"/>
        <line num="37" type="stmt" count="1"/>
        <line num="38" type="stmt" count="1"/>
        <line num="39" type="stmt" count="1"/>
        <line num="52" type="method" name="countRowsBy" crap="5" count="2"/>
        <line num="53" type="stmt" count="2"/>
        <line num="54" type="stmt" count="2"/>
        <line num="55" type="stmt" count="2"/>
        <line num="56" type="stmt" count="1"/>
        <line num="57" type="stmt" count="1"/>
        <line num="58" type="stmt" count="1"/>
        <line num="59" type="stmt" count="1"/>
        <line num="60" type="stmt" count="1"/>
        <line num="61" type="stmt" count="1"/>
        <line num="62" type="stmt" count="1"/>
        <line num="64" type="stmt" count="1"/>
        <line num="75" type="method" name="getData" crap="3" count="4"/>
        <line num="76" type="stmt" count="4"/>
        <line num="77" type="stmt" count="4"/>
        <line num="78" type="stmt" count="3"/>
        <line num="80" type="stmt" count="1"/>
        <line num="92" type="method" name="getRowsByIndex" crap="5.27" count="1"/>
        <line num="93" type="stmt" count="1"/>
        <line num="94" type="stmt" count="1"/>
        <line num="95" type="stmt" count="1"/>
        <line num="96" type="stmt" count="1"/>
        <line num="97" type="stmt" count="1"/>
        <line num="98" type="stmt" count="0"/>
        <line num="99" type="stmt" count="0"/>
        <line num="100" type="stmt" count="1"/>
        <line num="101" type="stmt" count="1"/>
        <line num="115" type="method" name="getRowsByIndexCumul" crap="2.03" count="1"/>
        <line num="116" type="stmt" count="1"/>
        <line num="117" type="stmt" count="1"/>
        <line num="118" type="stmt" count="1"/>
        <line num="119" type="stmt" count="0"/>
        <line num="121" type="stmt" count="1"/>
        <line num="130" type="method" name="composeReturn" crap="2" count="3"/>
        <line num="131" type="stmt" count="3"/>
        <line num="132" type="stmt" count="1"/>
        <line num="134" type="stmt" count="2"/>
        <line num="144" type="method" name="checkArrayElements" crap="3" count="8"/>
        <line num="145" type="stmt" count="8"/>
        <line num="146" type="stmt" count="8"/>
        <line num="147" type="stmt" count="8"/>
        <line num="148" type="stmt" count="1"/>
        <line num="149" type="stmt" count="1"/>
        <line num="150" type="stmt" count="1"/>
        <line num="152" type="stmt" count="7"/>
        <line num="153" type="stmt" count="7"/>
        <metrics loc="154" ncloc="78" classes="1" methods="7" coveredmethods="5" conditionals="0" coveredconditionals="0" statements="46" coveredstatements="43" elements="53" coveredelements="48"/>
      </file>
      <file name="/srv/www/vhosts/DataPool/src/DataPoolException.php">
        <class name="DataPoolException" namespace="DataPool" fullPackage="DataPool" category="DataPool" package="DataPool">
          <metrics methods="0" coveredmethods="0" conditionals="0" coveredconditionals="0" statements="0" coveredstatements="0" elements="0" coveredelements="0"/>
        </class>
        <metrics loc="24" ncloc="5" classes="1" methods="0" coveredmethods="0" conditionals="0" coveredconditionals="0" statements="0" coveredstatements="0" elements="0" coveredelements="0"/>
      </file>
    </package>
    <package name="DataPool\implement">
      <file name="/srv/www/vhosts/DataPool/src/implement/DataPoolImplements.php">
        <class name="DataPoolImplements" namespace="DataPool\implement" fullPackage="Implements" category="DataPool" package="Implements">
          <metrics methods="24" coveredmethods="24" conditionals="0" coveredconditionals="0" statements="74" coveredstatements="74" elements="98" coveredelements="98"/>
        </class>
        <line num="64" type="method" name="__construct" crap="3" count="9"/>
        <line num="65" type="stmt" count="9"/>
        <line num="66" type="stmt" count="2"/>
        <line num="67" type="stmt" count="1"/>
        <line num="68" type="stmt" count="7"/>
        <line num="70" type="stmt" count="6"/>
        <line num="71" type="stmt" count="2"/>
        <line num="72" type="stmt" count="1"/>
        <line num="73" type="stmt" count="4"/>
        <line num="75" type="stmt" count="4"/>
        <line num="76" type="stmt" count="3"/>
        <line num="85" type="method" name="levelizeArray" crap="3" count="8"/>
        <line num="86" type="stmt" count="8"/>
        <line num="87" type="stmt" count="4"/>
        <line num="89" type="stmt" count="4"/>
        <line num="90" type="stmt" count="2"/>
        <line num="91" type="stmt" count="2"/>
        <line num="92" type="stmt" count="2"/>
        <line num="94" type="stmt" count="4"/>
        <line num="95" type="stmt" count="8"/>
        <line num="96" type="stmt" count="7"/>
        <line num="104" type="method" name="getReturnIndexes" crap="1" count="2"/>
        <line num="105" type="stmt" count="2"/>
        <line num="114" type="method" name="setReturnIndexes" crap="1" count="1"/>
        <line num="115" type="stmt" count="1"/>
        <line num="116" type="stmt" count="1"/>
        <line num="124" type="method" name="getReturnArray" crap="1" count="4"/>
        <line num="125" type="stmt" count="4"/>
        <line num="134" type="method" name="setReturnArray" crap="1" count="3"/>
        <line num="135" type="stmt" count="3"/>
        <line num="136" type="stmt" count="3"/>
        <line num="144" type="method" name="getDefinition" crap="1" count="1"/>
        <line num="145" type="stmt" count="1"/>
        <line num="154" type="method" name="getDataArray" crap="1" count="1"/>
        <line num="155" type="stmt" count="1"/>
        <line num="164" type="method" name="checkDefinition" crap="5" count="9"/>
        <line num="165" type="stmt" count="9"/>
        <line num="166" type="stmt" count="9"/>
        <line num="167" type="stmt" count="1"/>
        <line num="170" type="stmt" count="8"/>
        <line num="171" type="stmt" count="1"/>
        <line num="173" type="stmt" count="7"/>
        <line num="174" type="stmt" count="7"/>
        <line num="175" type="stmt" count="1"/>
        <line num="177" type="stmt" count="7"/>
        <line num="178" type="stmt" count="6"/>
        <line num="184" type="method" name="checkDataArray" crap="3" count="6"/>
        <line num="185" type="stmt" count="6"/>
        <line num="186" type="stmt" count="6"/>
        <line num="187" type="stmt" count="1"/>
        <line num="189" type="stmt" count="5"/>
        <line num="190" type="stmt" count="1"/>
        <line num="192" type="stmt" count="4"/>
        <line num="200" type="method" name="setDefinition" crap="1" count="7"/>
        <line num="201" type="stmt" count="7"/>
        <line num="202" type="stmt" count="7"/>
        <line num="203" type="stmt" count="5"/>
        <line num="211" type="method" name="setDataArray" crap="1" count="4"/>
        <line num="212" type="stmt" count="4"/>
        <line num="213" type="stmt" count="4"/>
        <line num="214" type="stmt" count="3"/>
        <line num="222" type="method" name="count" crap="1" count="1"/>
        <line num="223" type="stmt" count="1"/>
        <line num="224" type="stmt" count="1"/>
        <line num="231" type="method" name="rewind" crap="1" count="2"/>
        <line num="232" type="stmt" count="2"/>
        <line num="233" type="stmt" count="2"/>
        <line num="234" type="stmt" count="2"/>
        <line num="242" type="method" name="current" crap="1" count="1"/>
        <line num="243" type="stmt" count="1"/>
        <line num="252" type="method" name="key" crap="1" count="1"/>
        <line num="253" type="stmt" count="1"/>
        <line num="262" type="method" name="next" crap="1" count="4"/>
        <line num="263" type="stmt" count="4"/>
        <line num="264" type="stmt" count="4"/>
        <line num="272" type="method" name="valid" crap="2" count="1"/>
        <line num="273" type="stmt" count="1"/>
        <line num="274" type="stmt" count="1"/>
        <line num="276" type="stmt" count="1"/>
        <line num="286" type="method" name="getActualLine" crap="1" count="1"/>
        <line num="287" type="stmt" count="1"/>
        <line num="299" type="method" name="offsetSet" crap="1" count="2"/>
        <line num="300" type="stmt" count="2"/>
        <line num="301" type="stmt" count="2"/>
        <line num="312" type="method" name="offsetExists" crap="1" count="1"/>
        <line num="313" type="stmt" count="1"/>
        <line num="314" type="stmt" count="1"/>
        <line num="325" type="method" name="offsetUnset" crap="1" count="1"/>
        <line num="326" type="stmt" count="1"/>
        <line num="327" type="stmt" count="1"/>
        <line num="328" type="stmt" count="1"/>
        <line num="338" type="method" name="offsetGet" crap="3" count="1"/>
        <line num="339" type="stmt" count="1"/>
        <line num="340" type="stmt" count="1"/>
        <line num="341" type="stmt" count="1"/>
        <line num="343" type="stmt" count="1"/>
        <line num="354" type="method" name="getIndexPosition" crap="1" count="1"/>
        <line num="355" type="stmt" count="1"/>
        <line num="360" type="stmt" count="1"/>
        <metrics loc="359" ncloc="189" classes="1" methods="24" coveredmethods="24" conditionals="0" coveredconditionals="0" statements="74" coveredstatements="74" elements="98" coveredelements="98"/>
      </file>
    </package>
    <metrics files="3" loc="537" ncloc="272" classes="3" methods="31" coveredmethods="29" conditionals="0" coveredconditionals="0" statements="120" coveredstatements="117" elements="151" coveredelements="146"/>
  </project>
</coverage>
